SLF4J: Class path contains multiple SLF4J bindings.
SLF4J: Found binding in [jar:file:/opt/hive-2.3.0/lib/log4j-slf4j-impl-2.6.2.jar!/org/slf4j/impl/StaticLoggerBinder.class]
SLF4J: Found binding in [jar:file:/opt/hadoop-2.7.1/share/hadoop/common/lib/slf4j-log4j12-1.7.10.jar!/org/slf4j/impl/StaticLoggerBinder.class]
SLF4J: See http://www.slf4j.org/codes.html#multiple_bindings for an explanation.
SLF4J: Actual binding is of type [org.apache.logging.slf4j.Log4jLoggerFactory]

Logging initialized using configuration in jar:file:/opt/hive-2.3.0/lib/hive-common-2.3.0.jar!/hive-log4j2.properties Async: true
OK
Time taken: 5.401 seconds
OK
STAGE DEPENDENCIES:
  Stage-5 is a root stage
  Stage-39 depends on stages: Stage-5
  Stage-26 depends on stages: Stage-39
  Stage-25 depends on stages: Stage-14, Stage-26 , consists of Stage-37, Stage-38, Stage-7
  Stage-37 has a backup stage: Stage-7
  Stage-23 depends on stages: Stage-37
  Stage-21 depends on stages: Stage-7, Stage-22, Stage-23, Stage-24 , consists of Stage-35, Stage-36, Stage-2
  Stage-35 has a backup stage: Stage-2
  Stage-19 depends on stages: Stage-35
  Stage-3 depends on stages: Stage-2, Stage-19, Stage-20
  Stage-36 has a backup stage: Stage-2
  Stage-20 depends on stages: Stage-36
  Stage-2
  Stage-38 has a backup stage: Stage-7
  Stage-24 depends on stages: Stage-38
  Stage-7
  Stage-40 is a root stage
  Stage-22 depends on stages: Stage-40
  Stage-45 is a root stage
  Stage-33 depends on stages: Stage-45
  Stage-32 depends on stages: Stage-33 , consists of Stage-43, Stage-44, Stage-12
  Stage-43 has a backup stage: Stage-12
  Stage-30 depends on stages: Stage-43
  Stage-29 depends on stages: Stage-12, Stage-30, Stage-31 , consists of Stage-41, Stage-42, Stage-13
  Stage-41 has a backup stage: Stage-13
  Stage-27 depends on stages: Stage-41
  Stage-14 depends on stages: Stage-13, Stage-27, Stage-28
  Stage-42 has a backup stage: Stage-13
  Stage-28 depends on stages: Stage-42
  Stage-13
  Stage-44 has a backup stage: Stage-12
  Stage-31 depends on stages: Stage-44
  Stage-12
  Stage-0 depends on stages: Stage-3

STAGE PLANS:
  Stage: Stage-5
    Map Reduce
      Map Operator Tree:
          TableScan
            alias: partsupp
            filterExpr: (ps_partkey is not null and ps_suppkey is not null and ps_supplycost is not null) (type: boolean)
            Statistics: Num rows: 8000000 Data size: 1880000000 Basic stats: COMPLETE Column stats: NONE
            Filter Operator
              predicate: (ps_partkey is not null and ps_suppkey is not null and ps_supplycost is not null) (type: boolean)
              Statistics: Num rows: 8000000 Data size: 1880000000 Basic stats: COMPLETE Column stats: NONE
              Select Operator
                expressions: ps_partkey (type: bigint), ps_suppkey (type: bigint), ps_supplycost (type: double)
                outputColumnNames: _col0, _col1, _col2
                Statistics: Num rows: 8000000 Data size: 1880000000 Basic stats: COMPLETE Column stats: NONE
                Reduce Output Operator
                  key expressions: _col0 (type: bigint)
                  sort order: +
                  Map-reduce partition columns: _col0 (type: bigint)
                  Statistics: Num rows: 8000000 Data size: 1880000000 Basic stats: COMPLETE Column stats: NONE
                  value expressions: _col1 (type: bigint), _col2 (type: double)
          TableScan
            alias: part
            filterExpr: ((p_size = 37) and (p_type like '%COPPER') and p_partkey is not null) (type: boolean)
            Statistics: Num rows: 2000000 Data size: 1236000000 Basic stats: COMPLETE Column stats: NONE
            Filter Operator
              predicate: ((p_size = 37) and (p_type like '%COPPER') and p_partkey is not null) (type: boolean)
              Statistics: Num rows: 500000 Data size: 309000000 Basic stats: COMPLETE Column stats: NONE
              Select Operator
                expressions: p_partkey (type: bigint), p_mfgr (type: string)
                outputColumnNames: _col0, _col1
                Statistics: Num rows: 500000 Data size: 309000000 Basic stats: COMPLETE Column stats: NONE
                Reduce Output Operator
                  key expressions: _col0 (type: bigint)
                  sort order: +
                  Map-reduce partition columns: _col0 (type: bigint)
                  Statistics: Num rows: 500000 Data size: 309000000 Basic stats: COMPLETE Column stats: NONE
                  value expressions: _col1 (type: string)
      Reduce Operator Tree:
        Join Operator
          condition map:
               Inner Join 0 to 1
          keys:
            0 _col0 (type: bigint)
            1 _col0 (type: bigint)
          outputColumnNames: _col1, _col2, _col3, _col4
          Statistics: Num rows: 8800000 Data size: 2068000044 Basic stats: COMPLETE Column stats: NONE
          File Output Operator
            compressed: false
            table:
                input format: org.apache.hadoop.mapred.SequenceFileInputFormat
                output format: org.apache.hadoop.hive.ql.io.HiveSequenceFileOutputFormat
                serde: org.apache.hadoop.hive.serde2.lazybinary.LazyBinarySerDe

  Stage: Stage-39
    Map Reduce Local Work
      Alias -> Map Local Tables:
        $hdt$_2:$hdt$_2:supplier 
          Fetch Operator
            limit: -1
      Alias -> Map Local Operator Tree:
        $hdt$_2:$hdt$_2:supplier 
          TableScan
            alias: supplier
            filterExpr: (s_suppkey is not null and s_nationkey is not null) (type: boolean)
            Statistics: Num rows: 100000 Data size: 47900000 Basic stats: COMPLETE Column stats: NONE
            Filter Operator
              predicate: (s_suppkey is not null and s_nationkey is not null) (type: boolean)
              Statistics: Num rows: 100000 Data size: 47900000 Basic stats: COMPLETE Column stats: NONE
              Select Operator
                expressions: s_suppkey (type: bigint), s_name (type: string), s_address (type: string), s_nationkey (type: bigint), s_phone (type: string), s_acctbal (type: double), s_comment (type: string)
                outputColumnNames: _col0, _col1, _col2, _col3, _col4, _col5, _col6
                Statistics: Num rows: 100000 Data size: 47900000 Basic stats: COMPLETE Column stats: NONE
                HashTable Sink Operator
                  keys:
                    0 _col1 (type: bigint)
                    1 _col0 (type: bigint)

  Stage: Stage-26
    Map Reduce
      Map Operator Tree:
          TableScan
            Map Join Operator
              condition map:
                   Inner Join 0 to 1
              keys:
                0 _col1 (type: bigint)
                1 _col0 (type: bigint)
              outputColumnNames: _col2, _col3, _col4, _col8, _col9, _col10, _col11, _col12, _col13
              Statistics: Num rows: 9680000 Data size: 2274800097 Basic stats: COMPLETE Column stats: NONE
              File Output Operator
                compressed: false
                table:
                    input format: org.apache.hadoop.mapred.SequenceFileInputFormat
                    output format: org.apache.hadoop.hive.ql.io.HiveSequenceFileOutputFormat
                    serde: org.apache.hadoop.hive.serde2.lazybinary.LazyBinarySerDe
      Local Work:
        Map Reduce Local Work

  Stage: Stage-25
    Conditional Operator

  Stage: Stage-37
    Map Reduce Local Work
      Alias -> Map Local Tables:
        $hdt$_2:$INTNAME1 
          Fetch Operator
            limit: -1
      Alias -> Map Local Operator Tree:
        $hdt$_2:$INTNAME1 
          TableScan
            HashTable Sink Operator
              keys:
                0 _col2 (type: double), _col3 (type: bigint)
                1 _col1 (type: double), _col0 (type: bigint)

  Stage: Stage-23
    Map Reduce
      Map Operator Tree:
          TableScan
            Map Join Operator
              condition map:
                   Inner Join 0 to 1
              keys:
                0 _col2 (type: double), _col3 (type: bigint)
                1 _col1 (type: double), _col0 (type: bigint)
              outputColumnNames: _col3, _col4, _col8, _col9, _col10, _col11, _col12, _col13
              Statistics: Num rows: 10648000 Data size: 2502280160 Basic stats: COMPLETE Column stats: NONE
              Select Operator
                expressions: _col8 (type: string), _col3 (type: bigint), _col4 (type: string), _col9 (type: string), _col10 (type: bigint), _col11 (type: string), _col12 (type: double), _col13 (type: string)
                outputColumnNames: _col1, _col10, _col11, _col2, _col3, _col4, _col5, _col6
                Statistics: Num rows: 10648000 Data size: 2502280160 Basic stats: COMPLETE Column stats: NONE
                File Output Operator
                  compressed: false
                  table:
                      input format: org.apache.hadoop.mapred.SequenceFileInputFormat
                      output format: org.apache.hadoop.hive.ql.io.HiveSequenceFileOutputFormat
                      serde: org.apache.hadoop.hive.serde2.lazybinary.LazyBinarySerDe
      Local Work:
        Map Reduce Local Work

  Stage: Stage-21
    Conditional Operator

  Stage: Stage-35
    Map Reduce Local Work
      Alias -> Map Local Tables:
        $INTNAME1 
          Fetch Operator
            limit: -1
      Alias -> Map Local Operator Tree:
        $INTNAME1 
          TableScan
            HashTable Sink Operator
              keys:
                0 _col0 (type: bigint)
                1 _col3 (type: bigint)

  Stage: Stage-19
    Map Reduce
      Map Operator Tree:
          TableScan
            Map Join Operator
              condition map:
                   Inner Join 0 to 1
              keys:
                0 _col0 (type: bigint)
                1 _col3 (type: bigint)
              outputColumnNames: _col1, _col6, _col7, _col9, _col10, _col11, _col15, _col16
              Statistics: Num rows: 11712800 Data size: 2752508235 Basic stats: COMPLETE Column stats: NONE
              Select Operator
                expressions: _col10 (type: double), _col6 (type: string), _col1 (type: string), _col15 (type: bigint), _col16 (type: string), _col7 (type: string), _col9 (type: string), _col11 (type: string)
                outputColumnNames: _col0, _col1, _col2, _col3, _col4, _col5, _col6, _col7
                Statistics: Num rows: 11712800 Data size: 2752508235 Basic stats: COMPLETE Column stats: NONE
                File Output Operator
                  compressed: false
                  table:
                      input format: org.apache.hadoop.mapred.SequenceFileInputFormat
                      output format: org.apache.hadoop.hive.ql.io.HiveSequenceFileOutputFormat
                      serde: org.apache.hadoop.hive.serde2.lazybinary.LazyBinarySerDe
      Local Work:
        Map Reduce Local Work

  Stage: Stage-3
    Map Reduce
      Map Operator Tree:
          TableScan
            Reduce Output Operator
              key expressions: _col0 (type: double), _col2 (type: string), _col1 (type: string), _col3 (type: bigint)
              sort order: -+++
              Statistics: Num rows: 11712800 Data size: 2752508235 Basic stats: COMPLETE Column stats: NONE
              TopN Hash Memory Usage: 0.04
              value expressions: _col4 (type: string), _col5 (type: string), _col6 (type: string), _col7 (type: string)
      Reduce Operator Tree:
        Select Operator
          expressions: KEY.reducesinkkey0 (type: double), KEY.reducesinkkey2 (type: string), KEY.reducesinkkey1 (type: string), KEY.reducesinkkey3 (type: bigint), VALUE._col0 (type: string), VALUE._col1 (type: string), VALUE._col2 (type: string), VALUE._col3 (type: string)
          outputColumnNames: _col0, _col1, _col2, _col3, _col4, _col5, _col6, _col7
          Statistics: Num rows: 11712800 Data size: 2752508235 Basic stats: COMPLETE Column stats: NONE
          Limit
            Number of rows: 100
            Statistics: Num rows: 100 Data size: 23500 Basic stats: COMPLETE Column stats: NONE
            File Output Operator
              compressed: false
              Statistics: Num rows: 100 Data size: 23500 Basic stats: COMPLETE Column stats: NONE
              table:
                  input format: org.apache.hadoop.mapred.SequenceFileInputFormat
                  output format: org.apache.hadoop.hive.ql.io.HiveSequenceFileOutputFormat
                  serde: org.apache.hadoop.hive.serde2.lazy.LazySimpleSerDe

  Stage: Stage-36
    Map Reduce Local Work
      Alias -> Map Local Tables:
        $INTNAME 
          Fetch Operator
            limit: -1
      Alias -> Map Local Operator Tree:
        $INTNAME 
          TableScan
            HashTable Sink Operator
              keys:
                0 _col0 (type: bigint)
                1 _col3 (type: bigint)

  Stage: Stage-20
    Map Reduce
      Map Operator Tree:
          TableScan
            Map Join Operator
              condition map:
                   Inner Join 0 to 1
              keys:
                0 _col0 (type: bigint)
                1 _col3 (type: bigint)
              outputColumnNames: _col1, _col6, _col7, _col9, _col10, _col11, _col15, _col16
              Statistics: Num rows: 11712800 Data size: 2752508235 Basic stats: COMPLETE Column stats: NONE
              Select Operator
                expressions: _col10 (type: double), _col6 (type: string), _col1 (type: string), _col15 (type: bigint), _col16 (type: string), _col7 (type: string), _col9 (type: string), _col11 (type: string)
                outputColumnNames: _col0, _col1, _col2, _col3, _col4, _col5, _col6, _col7
                Statistics: Num rows: 11712800 Data size: 2752508235 Basic stats: COMPLETE Column stats: NONE
                File Output Operator
                  compressed: false
                  table:
                      input format: org.apache.hadoop.mapred.SequenceFileInputFormat
                      output format: org.apache.hadoop.hive.ql.io.HiveSequenceFileOutputFormat
                      serde: org.apache.hadoop.hive.serde2.lazybinary.LazyBinarySerDe
      Local Work:
        Map Reduce Local Work

  Stage: Stage-2
    Map Reduce
      Map Operator Tree:
          TableScan
            Reduce Output Operator
              key expressions: _col0 (type: bigint)
              sort order: +
              Map-reduce partition columns: _col0 (type: bigint)
              Statistics: Num rows: 27 Data size: 7287 Basic stats: COMPLETE Column stats: NONE
              value expressions: _col1 (type: string)
          TableScan
            Reduce Output Operator
              key expressions: _col3 (type: bigint)
              sort order: +
              Map-reduce partition columns: _col3 (type: bigint)
              Statistics: Num rows: 10648000 Data size: 2502280160 Basic stats: COMPLETE Column stats: NONE
              value expressions: _col1 (type: string), _col2 (type: string), _col4 (type: string), _col5 (type: double), _col6 (type: string), _col10 (type: bigint), _col11 (type: string)
      Reduce Operator Tree:
        Join Operator
          condition map:
               Inner Join 0 to 1
          keys:
            0 _col0 (type: bigint)
            1 _col3 (type: bigint)
          outputColumnNames: _col1, _col6, _col7, _col9, _col10, _col11, _col15, _col16
          Statistics: Num rows: 11712800 Data size: 2752508235 Basic stats: COMPLETE Column stats: NONE
          Select Operator
            expressions: _col10 (type: double), _col6 (type: string), _col1 (type: string), _col15 (type: bigint), _col16 (type: string), _col7 (type: string), _col9 (type: string), _col11 (type: string)
            outputColumnNames: _col0, _col1, _col2, _col3, _col4, _col5, _col6, _col7
            Statistics: Num rows: 11712800 Data size: 2752508235 Basic stats: COMPLETE Column stats: NONE
            File Output Operator
              compressed: false
              table:
                  input format: org.apache.hadoop.mapred.SequenceFileInputFormat
                  output format: org.apache.hadoop.hive.ql.io.HiveSequenceFileOutputFormat
                  serde: org.apache.hadoop.hive.serde2.lazybinary.LazyBinarySerDe

  Stage: Stage-38
    Map Reduce Local Work
      Alias -> Map Local Tables:
        $hdt$_2:$INTNAME 
          Fetch Operator
            limit: -1
      Alias -> Map Local Operator Tree:
        $hdt$_2:$INTNAME 
          TableScan
            HashTable Sink Operator
              keys:
                0 _col2 (type: double), _col3 (type: bigint)
                1 _col1 (type: double), _col0 (type: bigint)

  Stage: Stage-24
    Map Reduce
      Map Operator Tree:
          TableScan
            Map Join Operator
              condition map:
                   Inner Join 0 to 1
              keys:
                0 _col2 (type: double), _col3 (type: bigint)
                1 _col1 (type: double), _col0 (type: bigint)
              outputColumnNames: _col3, _col4, _col8, _col9, _col10, _col11, _col12, _col13
              Statistics: Num rows: 10648000 Data size: 2502280160 Basic stats: COMPLETE Column stats: NONE
              Select Operator
                expressions: _col8 (type: string), _col3 (type: bigint), _col4 (type: string), _col9 (type: string), _col10 (type: bigint), _col11 (type: string), _col12 (type: double), _col13 (type: string)
                outputColumnNames: _col1, _col10, _col11, _col2, _col3, _col4, _col5, _col6
                Statistics: Num rows: 10648000 Data size: 2502280160 Basic stats: COMPLETE Column stats: NONE
                File Output Operator
                  compressed: false
                  table:
                      input format: org.apache.hadoop.mapred.SequenceFileInputFormat
                      output format: org.apache.hadoop.hive.ql.io.HiveSequenceFileOutputFormat
                      serde: org.apache.hadoop.hive.serde2.lazybinary.LazyBinarySerDe
      Local Work:
        Map Reduce Local Work

  Stage: Stage-7
    Map Reduce
      Map Operator Tree:
          TableScan
            Reduce Output Operator
              key expressions: _col2 (type: double), _col3 (type: bigint)
              sort order: ++
              Map-reduce partition columns: _col2 (type: double), _col3 (type: bigint)
              Statistics: Num rows: 9680000 Data size: 2274800097 Basic stats: COMPLETE Column stats: NONE
              value expressions: _col4 (type: string), _col8 (type: string), _col9 (type: string), _col10 (type: bigint), _col11 (type: string), _col12 (type: double), _col13 (type: string)
          TableScan
            Reduce Output Operator
              key expressions: _col1 (type: double), _col0 (type: bigint)
              sort order: ++
              Map-reduce partition columns: _col1 (type: double), _col0 (type: bigint)
              Statistics: Num rows: 4840000 Data size: 1137400048 Basic stats: COMPLETE Column stats: NONE
      Reduce Operator Tree:
        Join Operator
          condition map:
               Inner Join 0 to 1
          keys:
            0 _col2 (type: double), _col3 (type: bigint)
            1 _col1 (type: double), _col0 (type: bigint)
          outputColumnNames: _col3, _col4, _col8, _col9, _col10, _col11, _col12, _col13
          Statistics: Num rows: 10648000 Data size: 2502280160 Basic stats: COMPLETE Column stats: NONE
          Select Operator
            expressions: _col8 (type: string), _col3 (type: bigint), _col4 (type: string), _col9 (type: string), _col10 (type: bigint), _col11 (type: string), _col12 (type: double), _col13 (type: string)
            outputColumnNames: _col1, _col10, _col11, _col2, _col3, _col4, _col5, _col6
            Statistics: Num rows: 10648000 Data size: 2502280160 Basic stats: COMPLETE Column stats: NONE
            File Output Operator
              compressed: false
              table:
                  input format: org.apache.hadoop.mapred.SequenceFileInputFormat
                  output format: org.apache.hadoop.hive.ql.io.HiveSequenceFileOutputFormat
                  serde: org.apache.hadoop.hive.serde2.lazybinary.LazyBinarySerDe

  Stage: Stage-40
    Map Reduce Local Work
      Alias -> Map Local Tables:
        $hdt$_1:region 
          Fetch Operator
            limit: -1
      Alias -> Map Local Operator Tree:
        $hdt$_1:region 
          TableScan
            alias: region
            filterExpr: ((r_name = 'EUROPE') and r_regionkey is not null) (type: boolean)
            Statistics: Num rows: 5 Data size: 1240 Basic stats: COMPLETE Column stats: NONE
            Filter Operator
              predicate: ((r_name = 'EUROPE') and r_regionkey is not null) (type: boolean)
              Statistics: Num rows: 2 Data size: 496 Basic stats: COMPLETE Column stats: NONE
              Select Operator
                expressions: r_regionkey (type: bigint)
                outputColumnNames: _col0
                Statistics: Num rows: 2 Data size: 496 Basic stats: COMPLETE Column stats: NONE
                HashTable Sink Operator
                  keys:
                    0 _col2 (type: bigint)
                    1 _col0 (type: bigint)

  Stage: Stage-22
    Map Reduce
      Map Operator Tree:
          TableScan
            alias: nation
            filterExpr: (n_nationkey is not null and n_regionkey is not null) (type: boolean)
            Statistics: Num rows: 25 Data size: 6625 Basic stats: COMPLETE Column stats: NONE
            Filter Operator
              predicate: (n_nationkey is not null and n_regionkey is not null) (type: boolean)
              Statistics: Num rows: 25 Data size: 6625 Basic stats: COMPLETE Column stats: NONE
              Select Operator
                expressions: n_nationkey (type: bigint), n_name (type: string), n_regionkey (type: bigint)
                outputColumnNames: _col0, _col1, _col2
                Statistics: Num rows: 25 Data size: 6625 Basic stats: COMPLETE Column stats: NONE
                Map Join Operator
                  condition map:
                       Inner Join 0 to 1
                  keys:
                    0 _col2 (type: bigint)
                    1 _col0 (type: bigint)
                  outputColumnNames: _col0, _col1
                  Statistics: Num rows: 27 Data size: 7287 Basic stats: COMPLETE Column stats: NONE
                  File Output Operator
                    compressed: false
                    table:
                        input format: org.apache.hadoop.mapred.SequenceFileInputFormat
                        output format: org.apache.hadoop.hive.ql.io.HiveSequenceFileOutputFormat
                        serde: org.apache.hadoop.hive.serde2.lazybinary.LazyBinarySerDe
      Local Work:
        Map Reduce Local Work

  Stage: Stage-45
    Map Reduce Local Work
      Alias -> Map Local Tables:
        $hdt$_2:$hdt$_5:$hdt$_7:supplier 
          Fetch Operator
            limit: -1
        $hdt$_2:$hdt$_5:$hdt$_9:region 
          Fetch Operator
            limit: -1
      Alias -> Map Local Operator Tree:
        $hdt$_2:$hdt$_5:$hdt$_7:supplier 
          TableScan
            alias: supplier
            filterExpr: (s_suppkey is not null and s_nationkey is not null) (type: boolean)
            properties:
              insideView TRUE
            Statistics: Num rows: 100000 Data size: 47900000 Basic stats: COMPLETE Column stats: NONE
            Filter Operator
              predicate: (s_suppkey is not null and s_nationkey is not null) (type: boolean)
              Statistics: Num rows: 100000 Data size: 47900000 Basic stats: COMPLETE Column stats: NONE
              Select Operator
                expressions: s_suppkey (type: bigint), s_nationkey (type: bigint)
                outputColumnNames: _col0, _col1
                Statistics: Num rows: 100000 Data size: 47900000 Basic stats: COMPLETE Column stats: NONE
                HashTable Sink Operator
                  keys:
                    0 _col0 (type: bigint)
                    1 _col1 (type: bigint)
        $hdt$_2:$hdt$_5:$hdt$_9:region 
          TableScan
            alias: region
            filterExpr: ((r_name = 'EUROPE') and r_regionkey is not null) (type: boolean)
            properties:
              insideView TRUE
            Statistics: Num rows: 5 Data size: 1240 Basic stats: COMPLETE Column stats: NONE
            Filter Operator
              predicate: ((r_name = 'EUROPE') and r_regionkey is not null) (type: boolean)
              Statistics: Num rows: 2 Data size: 496 Basic stats: COMPLETE Column stats: NONE
              Select Operator
                expressions: r_regionkey (type: bigint)
                outputColumnNames: _col0
                Statistics: Num rows: 2 Data size: 496 Basic stats: COMPLETE Column stats: NONE
                HashTable Sink Operator
                  keys:
                    0 _col1 (type: bigint)
                    1 _col0 (type: bigint)

  Stage: Stage-33
    Map Reduce
      Map Operator Tree:
          TableScan
            alias: nation
            filterExpr: (n_nationkey is not null and n_regionkey is not null) (type: boolean)
            properties:
              insideView TRUE
            Statistics: Num rows: 25 Data size: 6625 Basic stats: COMPLETE Column stats: NONE
            Filter Operator
              predicate: (n_nationkey is not null and n_regionkey is not null) (type: boolean)
              Statistics: Num rows: 25 Data size: 6625 Basic stats: COMPLETE Column stats: NONE
              Select Operator
                expressions: n_nationkey (type: bigint), n_regionkey (type: bigint)
                outputColumnNames: _col0, _col1
                Statistics: Num rows: 25 Data size: 6625 Basic stats: COMPLETE Column stats: NONE
                Map Join Operator
                  condition map:
                       Inner Join 0 to 1
                  keys:
                    0 _col1 (type: bigint)
                    1 _col0 (type: bigint)
                  outputColumnNames: _col0
                  Statistics: Num rows: 27 Data size: 7287 Basic stats: COMPLETE Column stats: NONE
                  Map Join Operator
                    condition map:
                         Inner Join 0 to 1
                    keys:
                      0 _col0 (type: bigint)
                      1 _col1 (type: bigint)
                    outputColumnNames: _col4
                    Statistics: Num rows: 110000 Data size: 52690001 Basic stats: COMPLETE Column stats: NONE
                    File Output Operator
                      compressed: false
                      table:
                          input format: org.apache.hadoop.mapred.SequenceFileInputFormat
                          output format: org.apache.hadoop.hive.ql.io.HiveSequenceFileOutputFormat
                          serde: org.apache.hadoop.hive.serde2.lazybinary.LazyBinarySerDe
      Local Work:
        Map Reduce Local Work

  Stage: Stage-32
    Conditional Operator

  Stage: Stage-43
    Map Reduce Local Work
      Alias -> Map Local Tables:
        $hdt$_2:$hdt$_5:$hdt$_6:partsupp 
          Fetch Operator
            limit: -1
      Alias -> Map Local Operator Tree:
        $hdt$_2:$hdt$_5:$hdt$_6:partsupp 
          TableScan
            alias: partsupp
            filterExpr: (ps_partkey is not null and ps_suppkey is not null) (type: boolean)
            Statistics: Num rows: 8000000 Data size: 1880000000 Basic stats: COMPLETE Column stats: NONE
            Filter Operator
              predicate: (ps_partkey is not null and ps_suppkey is not null) (type: boolean)
              Statistics: Num rows: 8000000 Data size: 1880000000 Basic stats: COMPLETE Column stats: NONE
              Select Operator
                expressions: ps_partkey (type: bigint), ps_suppkey (type: bigint), ps_supplycost (type: double)
                outputColumnNames: _col0, _col1, _col2
                Statistics: Num rows: 8000000 Data size: 1880000000 Basic stats: COMPLETE Column stats: NONE
                HashTable Sink Operator
                  keys:
                    0 _col4 (type: bigint)
                    1 _col1 (type: bigint)

  Stage: Stage-30
    Map Reduce
      Map Operator Tree:
          TableScan
            Map Join Operator
              condition map:
                   Inner Join 0 to 1
              keys:
                0 _col4 (type: bigint)
                1 _col1 (type: bigint)
              outputColumnNames: _col6, _col8
              Statistics: Num rows: 8800000 Data size: 2068000044 Basic stats: COMPLETE Column stats: NONE
              File Output Operator
                compressed: false
                table:
                    input format: org.apache.hadoop.mapred.SequenceFileInputFormat
                    output format: org.apache.hadoop.hive.ql.io.HiveSequenceFileOutputFormat
                    serde: org.apache.hadoop.hive.serde2.lazybinary.LazyBinarySerDe
      Local Work:
        Map Reduce Local Work

  Stage: Stage-29
    Conditional Operator

  Stage: Stage-41
    Map Reduce Local Work
      Alias -> Map Local Tables:
        $hdt$_2:$hdt$_5:$hdt$_5:part 
          Fetch Operator
            limit: -1
      Alias -> Map Local Operator Tree:
        $hdt$_2:$hdt$_5:$hdt$_5:part 
          TableScan
            alias: part
            filterExpr: p_partkey is not null (type: boolean)
            Statistics: Num rows: 2000000 Data size: 1236000000 Basic stats: COMPLETE Column stats: NONE
            Filter Operator
              predicate: p_partkey is not null (type: boolean)
              Statistics: Num rows: 2000000 Data size: 1236000000 Basic stats: COMPLETE Column stats: NONE
              Select Operator
                expressions: p_partkey (type: bigint)
                outputColumnNames: _col0
                Statistics: Num rows: 2000000 Data size: 1236000000 Basic stats: COMPLETE Column stats: NONE
                HashTable Sink Operator
                  keys:
                    0 _col6 (type: bigint)
                    1 _col0 (type: bigint)

  Stage: Stage-27
    Map Reduce
      Map Operator Tree:
          TableScan
            Map Join Operator
              condition map:
                   Inner Join 0 to 1
              keys:
                0 _col6 (type: bigint)
                1 _col0 (type: bigint)
              outputColumnNames: _col8, _col9
              Statistics: Num rows: 9680000 Data size: 2274800097 Basic stats: COMPLETE Column stats: NONE
              File Output Operator
                compressed: false
                table:
                    input format: org.apache.hadoop.mapred.SequenceFileInputFormat
                    output format: org.apache.hadoop.hive.ql.io.HiveSequenceFileOutputFormat
                    serde: org.apache.hadoop.hive.serde2.lazybinary.LazyBinarySerDe
      Local Work:
        Map Reduce Local Work

  Stage: Stage-14
    Map Reduce
      Map Operator Tree:
          TableScan
            Reduce Output Operator
              key expressions: _col9 (type: bigint)
              sort order: +
              Map-reduce partition columns: _col9 (type: bigint)
              Statistics: Num rows: 9680000 Data size: 2274800097 Basic stats: COMPLETE Column stats: NONE
              value expressions: _col8 (type: double)
      Reduce Operator Tree:
        Group By Operator
          aggregations: min(VALUE._col0)
          keys: KEY._col0 (type: bigint)
          mode: complete
          outputColumnNames: _col0, _col1
          Statistics: Num rows: 4840000 Data size: 1137400048 Basic stats: COMPLETE Column stats: NONE
          Filter Operator
            predicate: _col1 is not null (type: boolean)
            Statistics: Num rows: 4840000 Data size: 1137400048 Basic stats: COMPLETE Column stats: NONE
            File Output Operator
              compressed: false
              table:
                  input format: org.apache.hadoop.mapred.SequenceFileInputFormat
                  output format: org.apache.hadoop.hive.ql.io.HiveSequenceFileOutputFormat
                  serde: org.apache.hadoop.hive.serde2.lazybinary.LazyBinarySerDe

  Stage: Stage-42
    Map Reduce Local Work
      Alias -> Map Local Tables:
        $hdt$_2:$hdt$_5:$INTNAME 
          Fetch Operator
            limit: -1
      Alias -> Map Local Operator Tree:
        $hdt$_2:$hdt$_5:$INTNAME 
          TableScan
            HashTable Sink Operator
              keys:
                0 _col6 (type: bigint)
                1 _col0 (type: bigint)

  Stage: Stage-28
    Map Reduce
      Map Operator Tree:
          TableScan
            alias: part
            filterExpr: p_partkey is not null (type: boolean)
            Statistics: Num rows: 2000000 Data size: 1236000000 Basic stats: COMPLETE Column stats: NONE
            Filter Operator
              predicate: p_partkey is not null (type: boolean)
              Statistics: Num rows: 2000000 Data size: 1236000000 Basic stats: COMPLETE Column stats: NONE
              Select Operator
                expressions: p_partkey (type: bigint)
                outputColumnNames: _col0
                Statistics: Num rows: 2000000 Data size: 1236000000 Basic stats: COMPLETE Column stats: NONE
                Map Join Operator
                  condition map:
                       Inner Join 0 to 1
                  keys:
                    0 _col6 (type: bigint)
                    1 _col0 (type: bigint)
                  outputColumnNames: _col8, _col9
                  Statistics: Num rows: 9680000 Data size: 2274800097 Basic stats: COMPLETE Column stats: NONE
                  File Output Operator
                    compressed: false
                    table:
                        input format: org.apache.hadoop.mapred.SequenceFileInputFormat
                        output format: org.apache.hadoop.hive.ql.io.HiveSequenceFileOutputFormat
                        serde: org.apache.hadoop.hive.serde2.lazybinary.LazyBinarySerDe
      Local Work:
        Map Reduce Local Work

  Stage: Stage-13
    Map Reduce
      Map Operator Tree:
          TableScan
            Reduce Output Operator
              key expressions: _col6 (type: bigint)
              sort order: +
              Map-reduce partition columns: _col6 (type: bigint)
              Statistics: Num rows: 8800000 Data size: 2068000044 Basic stats: COMPLETE Column stats: NONE
              value expressions: _col8 (type: double)
          TableScan
            alias: part
            filterExpr: p_partkey is not null (type: boolean)
            properties:
              insideView TRUE
            Statistics: Num rows: 2000000 Data size: 1236000000 Basic stats: COMPLETE Column stats: NONE
            Filter Operator
              predicate: p_partkey is not null (type: boolean)
              Statistics: Num rows: 2000000 Data size: 1236000000 Basic stats: COMPLETE Column stats: NONE
              Select Operator
                expressions: p_partkey (type: bigint)
                outputColumnNames: _col0
                Statistics: Num rows: 2000000 Data size: 1236000000 Basic stats: COMPLETE Column stats: NONE
                Reduce Output Operator
                  key expressions: _col0 (type: bigint)
                  sort order: +
                  Map-reduce partition columns: _col0 (type: bigint)
                  Statistics: Num rows: 2000000 Data size: 1236000000 Basic stats: COMPLETE Column stats: NONE
      Reduce Operator Tree:
        Join Operator
          condition map:
               Inner Join 0 to 1
          keys:
            0 _col6 (type: bigint)
            1 _col0 (type: bigint)
          outputColumnNames: _col8, _col9
          Statistics: Num rows: 9680000 Data size: 2274800097 Basic stats: COMPLETE Column stats: NONE
          File Output Operator
            compressed: false
            table:
                input format: org.apache.hadoop.mapred.SequenceFileInputFormat
                output format: org.apache.hadoop.hive.ql.io.HiveSequenceFileOutputFormat
                serde: org.apache.hadoop.hive.serde2.lazybinary.LazyBinarySerDe

  Stage: Stage-44
    Map Reduce Local Work
      Alias -> Map Local Tables:
        $hdt$_2:$hdt$_5:$INTNAME 
          Fetch Operator
            limit: -1
      Alias -> Map Local Operator Tree:
        $hdt$_2:$hdt$_5:$INTNAME 
          TableScan
            HashTable Sink Operator
              keys:
                0 _col4 (type: bigint)
                1 _col1 (type: bigint)

  Stage: Stage-31
    Map Reduce
      Map Operator Tree:
          TableScan
            alias: partsupp
            filterExpr: (ps_partkey is not null and ps_suppkey is not null) (type: boolean)
            Statistics: Num rows: 8000000 Data size: 1880000000 Basic stats: COMPLETE Column stats: NONE
            Filter Operator
              predicate: (ps_partkey is not null and ps_suppkey is not null) (type: boolean)
              Statistics: Num rows: 8000000 Data size: 1880000000 Basic stats: COMPLETE Column stats: NONE
              Select Operator
                expressions: ps_partkey (type: bigint), ps_suppkey (type: bigint), ps_supplycost (type: double)
                outputColumnNames: _col0, _col1, _col2
                Statistics: Num rows: 8000000 Data size: 1880000000 Basic stats: COMPLETE Column stats: NONE
                Map Join Operator
                  condition map:
                       Inner Join 0 to 1
                  keys:
                    0 _col4 (type: bigint)
                    1 _col1 (type: bigint)
                  outputColumnNames: _col6, _col8
                  Statistics: Num rows: 8800000 Data size: 2068000044 Basic stats: COMPLETE Column stats: NONE
                  File Output Operator
                    compressed: false
                    table:
                        input format: org.apache.hadoop.mapred.SequenceFileInputFormat
                        output format: org.apache.hadoop.hive.ql.io.HiveSequenceFileOutputFormat
                        serde: org.apache.hadoop.hive.serde2.lazybinary.LazyBinarySerDe
      Local Work:
        Map Reduce Local Work

  Stage: Stage-12
    Map Reduce
      Map Operator Tree:
          TableScan
            Reduce Output Operator
              key expressions: _col4 (type: bigint)
              sort order: +
              Map-reduce partition columns: _col4 (type: bigint)
              Statistics: Num rows: 110000 Data size: 52690001 Basic stats: COMPLETE Column stats: NONE
          TableScan
            alias: partsupp
            filterExpr: (ps_partkey is not null and ps_suppkey is not null) (type: boolean)
            properties:
              insideView TRUE
            Statistics: Num rows: 8000000 Data size: 1880000000 Basic stats: COMPLETE Column stats: NONE
            Filter Operator
              predicate: (ps_partkey is not null and ps_suppkey is not null) (type: boolean)
              Statistics: Num rows: 8000000 Data size: 1880000000 Basic stats: COMPLETE Column stats: NONE
              Select Operator
                expressions: ps_partkey (type: bigint), ps_suppkey (type: bigint), ps_supplycost (type: double)
                outputColumnNames: _col0, _col1, _col2
                Statistics: Num rows: 8000000 Data size: 1880000000 Basic stats: COMPLETE Column stats: NONE
                Reduce Output Operator
                  key expressions: _col1 (type: bigint)
                  sort order: +
                  Map-reduce partition columns: _col1 (type: bigint)
                  Statistics: Num rows: 8000000 Data size: 1880000000 Basic stats: COMPLETE Column stats: NONE
                  value expressions: _col0 (type: bigint), _col2 (type: double)
      Reduce Operator Tree:
        Join Operator
          condition map:
               Inner Join 0 to 1
          keys:
            0 _col4 (type: bigint)
            1 _col1 (type: bigint)
          outputColumnNames: _col6, _col8
          Statistics: Num rows: 8800000 Data size: 2068000044 Basic stats: COMPLETE Column stats: NONE
          File Output Operator
            compressed: false
            table:
                input format: org.apache.hadoop.mapred.SequenceFileInputFormat
                output format: org.apache.hadoop.hive.ql.io.HiveSequenceFileOutputFormat
                serde: org.apache.hadoop.hive.serde2.lazybinary.LazyBinarySerDe

  Stage: Stage-0
    Fetch Operator
      limit: 100
      Processor Tree:
        ListSink

Time taken: 5.905 seconds, Fetched: 846 row(s)
